\BOOKMARK [0][-]{chapter.1}{\376\377\0001\000\040\000S\000P\000O\000K\000\040\000m\000i\000c\000r\000o\000s\000e\000r\000v\000i\000c\000e\000s\000\040\000D\000o\000c\000u\000m\000e\000n\000t\000a\000t\000i\000o\000n}{}% 1
\BOOKMARK [1][-]{section.1.1}{\376\377\0001\000.\0001\000\040\000D\000e\000s\000c\000r\000i\000p\000c\000i\000\363\000n\000\040\000B\000r\000e\000v\000e\000\040\330\076\335\027}{chapter.1}% 2
\BOOKMARK [1][-]{section.1.2}{\376\377\0001\000.\0002\000\040\000C\000a\000r\000a\000c\000t\000e\000r\000\355\000s\000t\000i\000c\000a\000s\000\040\330\076\335\340}{chapter.1}% 3
\BOOKMARK [1][-]{section.1.3}{\376\377\0001\000.\0003\000\040\000T\000a\000b\000l\000a\000\040\000d\000e\000\040\000C\000o\000n\000t\000e\000n\000i\000d\000o\000s\000\040\330\076\335\376}{chapter.1}% 4
\BOOKMARK [1][-]{section.1.4}{\376\377\0001\000.\0004\000\040\000U\000s\000o\000\040\330\075\335\054}{chapter.1}% 5
\BOOKMARK [2][-]{subsection.1.4.1}{\376\377\0001\000.\0004\000.\0001\000\040\0001\000.\000\040\000S\000u\000b\000i\000r\000\040\000u\000n\000\040\000a\000r\000c\000h\000i\000v\000o\000\040\000E\000E\000G}{section.1.4}% 6
\BOOKMARK [2][-]{subsection.1.4.2}{\376\377\0001\000.\0004\000.\0002\000\040\0002\000.\000\040\000S\000e\000l\000e\000c\000c\000i\000o\000n\000a\000r\000\040\000u\000n\000\040\000a\000n\000\341\000l\000i\000s\000i\000s}{section.1.4}% 7
\BOOKMARK [2][-]{subsection.1.4.3}{\376\377\0001\000.\0004\000.\0003\000\040\0003\000.\000\040\000V\000i\000s\000u\000a\000l\000i\000z\000a\000r\000\040\000l\000o\000s\000\040\000r\000e\000s\000u\000l\000t\000a\000d\000o\000s}{section.1.4}% 8
\BOOKMARK [1][-]{section.1.5}{\376\377\0001\000.\0005\000\040\000A\000r\000q\000u\000i\000t\000e\000c\000t\000u\000r\000a\000\040\330\074\337\011}{chapter.1}% 9
\BOOKMARK [0][-]{chapter.2}{\376\377\0002\000\040\000A\000r\000q\000u\000i\000t\000e\000c\000t\000u\000r\000a}{}% 10
\BOOKMARK [1][-]{section.2.1}{\376\377\0002\000.\0001\000\040\000V\000i\000s\000t\000a\000\040\000l\000\363\000g\000i\000c\000a}{chapter.2}% 11
\BOOKMARK [1][-]{section.2.2}{\376\377\0002\000.\0002\000\040\000V\000i\000s\000t\000a\000\040\000d\000e\000\040\000p\000r\000o\000c\000e\000s\000o\000s}{chapter.2}% 12
\BOOKMARK [1][-]{section.2.3}{\376\377\0002\000.\0003\000\040\000V\000i\000s\000t\000a\000\040\000d\000e\000\040\000d\000e\000s\000a\000r\000r\000o\000l\000l\000o}{chapter.2}% 13
\BOOKMARK [1][-]{section.2.4}{\376\377\0002\000.\0004\000\040\000V\000i\000s\000t\000a\000\040\000d\000e\000\040\000d\000e\000s\000p\000l\000i\000e\000g\000u\000e}{chapter.2}% 14
\BOOKMARK [0][-]{chapter.3}{\376\377\0003\000\040\000C\000o\000n\000f\000i\000g\000u\000r\000a\000c\000i\000\363\000n\000\040\000d\000e\000\040\000K\000u\000b\000e\000r\000n\000e\000t\000e\000s\000\040\000p\000a\000r\000a\000\040\000l\000a\000\040\000a\000p\000l\000i\000c\000a\000c\000i\000\363\000n\000\040\000S\000P\000O\000K}{}% 15
\BOOKMARK [1][-]{section.3.1}{\376\377\0003\000.\0001\000\040\000R\000e\000q\000u\000i\000s\000i\000t\000o\000s}{chapter.3}% 16
\BOOKMARK [1][-]{section.3.2}{\376\377\0003\000.\0002\000\040\000I\000n\000s\000t\000a\000l\000a\000c\000i\000\363\000n\000\040\000d\000e\000\040\000I\000s\000t\000i\000o\000\040\000e\000n\000\040\000e\000l\000\040\000c\000l\000\372\000s\000t\000e\000r}{chapter.3}% 17
\BOOKMARK [1][-]{section.3.3}{\376\377\0003\000.\0003\000\040\000I\000n\000s\000t\000a\000l\000a\000c\000i\000\363\000n\000\040\000d\000e\000\040\000K\000E\000D\000A}{chapter.3}% 18
\BOOKMARK [1][-]{section.3.4}{\376\377\0003\000.\0004\000\040\000D\000e\000s\000p\000l\000i\000e\000g\000u\000e\000\040\000d\000e\000\040\000l\000a\000\040\000A\000p\000l\000i\000c\000a\000c\000i\000\363\000n}{chapter.3}% 19
\BOOKMARK [1][-]{section.3.5}{\376\377\0003\000.\0005\000\040\000C\000o\000n\000f\000i\000g\000u\000r\000a\000c\000i\000\363\000n\000\040\000d\000e\000\040\000A\000r\000c\000h\000i\000v\000o\000s}{chapter.3}% 20
\BOOKMARK [0][-]{chapter.4}{\376\377\0004\000\040\000M\000i\000c\000r\000o\000s\000e\000r\000v\000i\000c\000i\000o\000s}{}% 21
\BOOKMARK [1][-]{section.4.1}{\376\377\0004\000.\0001\000\040\000W\000a\000v\000e\000l\000e\000t\000\040\000t\000r\000a\000n\000s\000f\000o\000r\000m}{chapter.4}% 22
\BOOKMARK [1][-]{section.4.2}{\376\377\0004\000.\0002\000\040\000S\000i\000g\000n\000a\000l\000s\000\040\000A\000v\000e\000r\000a\000g\000e}{chapter.4}% 23
\BOOKMARK [1][-]{section.4.3}{\376\377\0004\000.\0003\000\040\000F\000o\000u\000r\000i\000e\000r\000\040\000t\000r\000a\000s\000n\000f\000o\000r\000m}{chapter.4}% 24
\BOOKMARK [1][-]{section.4.4}{\376\377\0004\000.\0004\000\040\000I\000n\000v\000e\000r\000s\000e\000r\000\040\000F\000o\000u\000r\000i\000e\000r\000\040\000t\000r\000a\000n\000s\000f\000o\000r\000m}{chapter.4}% 25
\BOOKMARK [1][-]{section.4.5}{\376\377\0004\000.\0005\000\040\000W\000a\000v\000e\000l\000e\000t\000\040\000D\000e\000s\000c\000o\000m\000p\000o\000s\000i\000t\000i\000o\000n}{chapter.4}% 26
\BOOKMARK [1][-]{section.4.6}{\376\377\0004\000.\0006\000\040\000M\000o\000v\000i\000n\000g\000\040\000a\000v\000e\000r\000g\000e\000\040\000f\000i\000l\000t\000e\000r}{chapter.4}% 27
\BOOKMARK [1][-]{section.4.7}{\376\377\0004\000.\0007\000\040\000.\000A\000B\000F\000\040\000r\000e\000a\000d\000e\000r}{chapter.4}% 28
\BOOKMARK [1][-]{section.4.8}{\376\377\0004\000.\0008\000\040\000.\000M\000a\000t\000\040\000r\000e\000a\000d\000e\000r}{chapter.4}% 29
\BOOKMARK [1][-]{section.4.9}{\376\377\0004\000.\0009\000\040\000F\000i\000r\000s\000t\000\040\000d\000i\000f\000f\000e\000r\000e\000n\000c\000e}{chapter.4}% 30
\BOOKMARK [1][-]{section.4.10}{\376\377\0004\000.\0001\0000\000\040\000R\000u\000n\000n\000i\000n\000g\000\040\000S\000u\000m}{chapter.4}% 31
\BOOKMARK [0][-]{chapter.5}{\376\377\0005\000\040\000M\000o\000d\000u\000l\000e\000\040\000I\000n\000d\000e\000x}{}% 32
\BOOKMARK [1][-]{section.5.1}{\376\377\0005\000.\0001\000\040\000M\000o\000d\000u\000l\000e\000s}{chapter.5}% 33
\BOOKMARK [0][-]{chapter.6}{\376\377\0006\000\040\000H\000i\000e\000r\000a\000r\000c\000h\000i\000c\000a\000l\000\040\000I\000n\000d\000e\000x}{}% 34
\BOOKMARK [1][-]{section.6.1}{\376\377\0006\000.\0001\000\040\000C\000l\000a\000s\000s\000\040\000H\000i\000e\000r\000a\000r\000c\000h\000y}{chapter.6}% 35
\BOOKMARK [0][-]{chapter.7}{\376\377\0007\000\040\000C\000l\000a\000s\000s\000\040\000I\000n\000d\000e\000x}{}% 36
\BOOKMARK [1][-]{section.7.1}{\376\377\0007\000.\0001\000\040\000C\000l\000a\000s\000s\000\040\000L\000i\000s\000t}{chapter.7}% 37
\BOOKMARK [0][-]{chapter.8}{\376\377\0008\000\040\000M\000o\000d\000u\000l\000e\000\040\000D\000o\000c\000u\000m\000e\000n\000t\000a\000t\000i\000o\000n}{}% 38
\BOOKMARK [1][-]{section.8.1}{\376\377\0008\000.\0001\000\040\000A\000B\000F\000\040\000R\000e\000a\000d\000e\000r}{chapter.8}% 39
\BOOKMARK [2][-]{subsection.8.1.1}{\376\377\0008\000.\0001\000.\0001\000\040\000D\000e\000t\000a\000i\000l\000e\000d\000\040\000D\000e\000s\000c\000r\000i\000p\000t\000i\000o\000n}{section.8.1}% 40
\BOOKMARK [2][-]{subsection.8.1.2}{\376\377\0008\000.\0001\000.\0002\000\040\000F\000u\000n\000c\000t\000i\000o\000n\000\040\000D\000o\000c\000u\000m\000e\000n\000t\000a\000t\000i\000o\000n}{section.8.1}% 41
\BOOKMARK [3][-]{subsubsection.8.1.2.1}{\376\377\0008\000.\0001\000.\0002\000.\0001\000\040\000r\000e\000a\000d\000A\000b\000f\000\050\000\051}{subsection.8.1.2}% 42
\BOOKMARK [1][-]{section.8.2}{\376\377\0008\000.\0002\000\040\000M\000i\000c\000r\000o\000s\000e\000r\000v\000i\000c\000i\000o\000\040\000C\000W\000T}{chapter.8}% 43
\BOOKMARK [2][-]{subsection.8.2.1}{\376\377\0008\000.\0002\000.\0001\000\040\000D\000e\000t\000a\000i\000l\000e\000d\000\040\000D\000e\000s\000c\000r\000i\000p\000t\000i\000o\000n}{section.8.2}% 44
\BOOKMARK [2][-]{subsection.8.2.2}{\376\377\0008\000.\0002\000.\0002\000\040\000F\000u\000n\000c\000t\000i\000o\000n\000\040\000D\000o\000c\000u\000m\000e\000n\000t\000a\000t\000i\000o\000n}{section.8.2}% 45
\BOOKMARK [3][-]{subsubsection.8.2.2.1}{\376\377\0008\000.\0002\000.\0002\000.\0001\000\040\000C\000o\000m\000p\000u\000t\000e\000C\000W\000T\000\050\000\051}{subsection.8.2.2}% 46
\BOOKMARK [3][-]{subsubsection.8.2.2.2}{\376\377\0008\000.\0002\000.\0002\000.\0002\000\040\000C\000W\000T\000E\000i\000g\000e\000n\000\050\000\051}{subsection.8.2.2}% 47
\BOOKMARK [3][-]{subsubsection.8.2.2.3}{\376\377\0008\000.\0002\000.\0002\000.\0003\000\040\000F\000F\000T\000c\000o\000n\000v\000o\000l\000v\000e\000E\000i\000g\000e\000n\000\050\000\051}{subsection.8.2.2}% 48
\BOOKMARK [3][-]{subsubsection.8.2.2.4}{\376\377\0008\000.\0002\000.\0002\000.\0004\000\040\000G\000e\000n\000e\000r\000a\000t\000e\000L\000o\000g\000S\000c\000a\000l\000e\000s\000\050\000\051}{subsection.8.2.2}% 49
\BOOKMARK [3][-]{subsubsection.8.2.2.5}{\376\377\0008\000.\0002\000.\0002\000.\0005\000\040\000M\000o\000r\000l\000e\000t\000W\000a\000v\000e\000l\000e\000t\000\050\000\051}{subsection.8.2.2}% 50
\BOOKMARK [3][-]{subsubsection.8.2.2.6}{\376\377\0008\000.\0002\000.\0002\000.\0006\000\040\000Z\000e\000r\000o\000P\000a\000d\000G\000i\000v\000e\000n\000S\000i\000z\000e\000\050\000\051}{subsection.8.2.2}% 51
\BOOKMARK [1][-]{section.8.3}{\376\377\0008\000.\0003\000\040\000F\000a\000s\000t\000\040\000W\000a\000v\000e\000l\000e\000t\000\040\000T\000r\000a\000n\000s\000f\000o\000r\000m}{chapter.8}% 52
\BOOKMARK [2][-]{subsection.8.3.1}{\376\377\0008\000.\0003\000.\0001\000\040\000D\000e\000t\000a\000i\000l\000e\000d\000\040\000D\000e\000s\000c\000r\000i\000p\000t\000i\000o\000n}{section.8.3}% 53
\BOOKMARK [2][-]{subsection.8.3.2}{\376\377\0008\000.\0003\000.\0002\000\040\000F\000u\000n\000c\000t\000i\000o\000n\000\040\000D\000o\000c\000u\000m\000e\000n\000t\000a\000t\000i\000o\000n}{section.8.3}% 54
\BOOKMARK [3][-]{subsubsection.8.3.2.1}{\376\377\0008\000.\0003\000.\0002\000.\0001\000\040\000C\000o\000m\000p\000u\000t\000e\000F\000a\000s\000t\000W\000a\000v\000e\000l\000e\000t\000T\000r\000a\000n\000s\000f\000o\000r\000m\000\050\000\051}{subsection.8.3.2}% 55
\BOOKMARK [3][-]{subsubsection.8.3.2.2}{\376\377\0008\000.\0003\000.\0002\000.\0002\000\040\000F\000a\000s\000t\000W\000a\000v\000e\000l\000e\000t\000T\000r\000a\000n\000s\000f\000o\000r\000m\000\050\000\051}{subsection.8.3.2}% 56
\BOOKMARK [3][-]{subsubsection.8.3.2.3}{\376\377\0008\000.\0003\000.\0002\000.\0003\000\040\000F\000a\000s\000t\000W\000a\000v\000e\000l\000e\000t\000T\000r\000a\000n\000s\000f\000o\000r\000m\000A\000u\000x\000\050\000\051}{subsection.8.3.2}% 57
\BOOKMARK [3][-]{subsubsection.8.3.2.4}{\376\377\0008\000.\0003\000.\0002\000.\0004\000\040\000F\000F\000T\000c\000o\000n\000v\000o\000l\000v\000e\000E\000i\000g\000e\000n\000\050\000\051}{subsection.8.3.2}% 58
\BOOKMARK [3][-]{subsubsection.8.3.2.5}{\376\377\0008\000.\0003\000.\0002\000.\0005\000\040\000Z\000e\000r\000o\000P\000a\000d\000G\000i\000v\000e\000n\000S\000i\000z\000e\000\050\000\051}{subsection.8.3.2}% 59
\BOOKMARK [1][-]{section.8.4}{\376\377\0008\000.\0004\000\040\000F\000o\000u\000r\000i\000e\000r\000\040\000T\000r\000a\000n\000s\000f\000o\000r\000m\000\040\000M\000i\000c\000r\000o\000s\000e\000r\000v\000i\000c\000e}{chapter.8}% 60
\BOOKMARK [2][-]{subsection.8.4.1}{\376\377\0008\000.\0004\000.\0001\000\040\000D\000e\000t\000a\000i\000l\000e\000d\000\040\000D\000e\000s\000c\000r\000i\000p\000t\000i\000o\000n}{section.8.4}% 61
\BOOKMARK [2][-]{subsection.8.4.2}{\376\377\0008\000.\0004\000.\0002\000\040\000F\000u\000n\000c\000t\000i\000o\000n\000\040\000D\000o\000c\000u\000m\000e\000n\000t\000a\000t\000i\000o\000n}{section.8.4}% 62
\BOOKMARK [3][-]{subsubsection.8.4.2.1}{\376\377\0008\000.\0004\000.\0002\000.\0001\000\040\000C\000o\000m\000p\000u\000t\000e\000F\000F\000T\000\050\000\051}{subsection.8.4.2}% 63
\BOOKMARK [3][-]{subsubsection.8.4.2.2}{\376\377\0008\000.\0004\000.\0002\000.\0002\000\040\000F\000F\000T\000E\000i\000g\000e\000n\000\050\000\051}{subsection.8.4.2}% 64
\BOOKMARK [1][-]{section.8.5}{\376\377\0008\000.\0005\000\040\000F\000i\000r\000s\000t\000\040\000D\000i\000f\000f\000e\000r\000e\000n\000c\000e\000\040\000M\000i\000c\000r\000o\000s\000e\000r\000v\000i\000c\000e}{chapter.8}% 65
\BOOKMARK [2][-]{subsection.8.5.1}{\376\377\0008\000.\0005\000.\0001\000\040\000D\000e\000t\000a\000i\000l\000e\000d\000\040\000D\000e\000s\000c\000r\000i\000p\000t\000i\000o\000n}{section.8.5}% 66
\BOOKMARK [2][-]{subsection.8.5.2}{\376\377\0008\000.\0005\000.\0002\000\040\000F\000u\000n\000c\000t\000i\000o\000n\000\040\000D\000o\000c\000u\000m\000e\000n\000t\000a\000t\000i\000o\000n}{section.8.5}% 67
\BOOKMARK [3][-]{subsubsection.8.5.2.1}{\376\377\0008\000.\0005\000.\0002\000.\0001\000\040\000C\000o\000m\000p\000u\000t\000e\000F\000i\000r\000s\000t\000D\000i\000f\000f\000e\000r\000e\000n\000c\000e\000\050\000\051}{subsection.8.5.2}% 68
\BOOKMARK [3][-]{subsubsection.8.5.2.2}{\376\377\0008\000.\0005\000.\0002\000.\0002\000\040\000F\000i\000r\000s\000t\000D\000i\000f\000f\000e\000r\000e\000n\000c\000e\000\050\000\051}{subsection.8.5.2}% 69
\BOOKMARK [1][-]{section.8.6}{\376\377\0008\000.\0006\000\040\000I\000n\000v\000e\000r\000s\000e\000\040\000F\000o\000u\000r\000i\000e\000r\000\040\000T\000r\000a\000n\000s\000f\000o\000r\000m\000\040\000M\000i\000c\000r\000o\000s\000e\000r\000v\000i\000c\000e}{chapter.8}% 70
\BOOKMARK [2][-]{subsection.8.6.1}{\376\377\0008\000.\0006\000.\0001\000\040\000D\000e\000t\000a\000i\000l\000e\000d\000\040\000D\000e\000s\000c\000r\000i\000p\000t\000i\000o\000n}{section.8.6}% 71
\BOOKMARK [2][-]{subsection.8.6.2}{\376\377\0008\000.\0006\000.\0002\000\040\000F\000u\000n\000c\000t\000i\000o\000n\000\040\000D\000o\000c\000u\000m\000e\000n\000t\000a\000t\000i\000o\000n}{section.8.6}% 72
\BOOKMARK [3][-]{subsubsection.8.6.2.1}{\376\377\0008\000.\0006\000.\0002\000.\0001\000\040\000C\000o\000m\000p\000u\000t\000e\000I\000F\000F\000T\000\050\000\051}{subsection.8.6.2}% 73
\BOOKMARK [3][-]{subsubsection.8.6.2.2}{\376\377\0008\000.\0006\000.\0002\000.\0002\000\040\000I\000F\000F\000T\000E\000i\000g\000e\000n\000\050\000\051}{subsection.8.6.2}% 74
\BOOKMARK [1][-]{section.8.7}{\376\377\0008\000.\0007\000\040\000M\000A\000T\000\040\000R\000e\000a\000d\000e\000r}{chapter.8}% 75
\BOOKMARK [2][-]{subsection.8.7.1}{\376\377\0008\000.\0007\000.\0001\000\040\000D\000e\000t\000a\000i\000l\000e\000d\000\040\000D\000e\000s\000c\000r\000i\000p\000t\000i\000o\000n}{section.8.7}% 76
\BOOKMARK [2][-]{subsection.8.7.2}{\376\377\0008\000.\0007\000.\0002\000\040\000F\000u\000n\000c\000t\000i\000o\000n\000\040\000D\000o\000c\000u\000m\000e\000n\000t\000a\000t\000i\000o\000n}{section.8.7}% 77
\BOOKMARK [3][-]{subsubsection.8.7.2.1}{\376\377\0008\000.\0007\000.\0002\000.\0001\000\040\000r\000e\000a\000d\000M\000a\000t\000\050\000\051}{subsection.8.7.2}% 78
\BOOKMARK [1][-]{section.8.8}{\376\377\0008\000.\0008\000\040\000M\000o\000v\000i\000n\000g\000\040\000A\000v\000e\000r\000a\000g\000e\000\040\000M\000i\000c\000r\000o\000s\000e\000r\000v\000i\000c\000e}{chapter.8}% 79
\BOOKMARK [2][-]{subsection.8.8.1}{\376\377\0008\000.\0008\000.\0001\000\040\000D\000e\000t\000a\000i\000l\000e\000d\000\040\000D\000e\000s\000c\000r\000i\000p\000t\000i\000o\000n}{section.8.8}% 80
\BOOKMARK [2][-]{subsection.8.8.2}{\376\377\0008\000.\0008\000.\0002\000\040\000F\000u\000n\000c\000t\000i\000o\000n\000\040\000D\000o\000c\000u\000m\000e\000n\000t\000a\000t\000i\000o\000n}{section.8.8}% 81
\BOOKMARK [3][-]{subsubsection.8.8.2.1}{\376\377\0008\000.\0008\000.\0002\000.\0001\000\040\000C\000o\000m\000p\000u\000t\000e\000M\000o\000v\000i\000n\000g\000A\000v\000e\000r\000a\000g\000e\000\050\000\051}{subsection.8.8.2}% 82
\BOOKMARK [3][-]{subsubsection.8.8.2.2}{\376\377\0008\000.\0008\000.\0002\000.\0002\000\040\000M\000o\000v\000i\000n\000g\000A\000v\000e\000r\000a\000g\000e\000\050\000\051}{subsection.8.8.2}% 83
\BOOKMARK [1][-]{section.8.9}{\376\377\0008\000.\0009\000\040\000R\000u\000n\000n\000i\000n\000g\000\040\000S\000u\000m\000\040\000M\000i\000c\000r\000o\000s\000e\000r\000v\000i\000c\000e}{chapter.8}% 84
\BOOKMARK [2][-]{subsection.8.9.1}{\376\377\0008\000.\0009\000.\0001\000\040\000D\000e\000t\000a\000i\000l\000e\000d\000\040\000D\000e\000s\000c\000r\000i\000p\000t\000i\000o\000n}{section.8.9}% 85
\BOOKMARK [2][-]{subsection.8.9.2}{\376\377\0008\000.\0009\000.\0002\000\040\000F\000u\000n\000c\000t\000i\000o\000n\000\040\000D\000o\000c\000u\000m\000e\000n\000t\000a\000t\000i\000o\000n}{section.8.9}% 86
\BOOKMARK [3][-]{subsubsection.8.9.2.1}{\376\377\0008\000.\0009\000.\0002\000.\0001\000\040\000C\000o\000m\000p\000u\000t\000e\000R\000u\000n\000i\000n\000g\000S\000u\000m\000\050\000\051}{subsection.8.9.2}% 87
\BOOKMARK [3][-]{subsubsection.8.9.2.2}{\376\377\0008\000.\0009\000.\0002\000.\0002\000\040\000R\000u\000n\000i\000n\000g\000S\000u\000m\000\050\000\051}{subsection.8.9.2}% 88
\BOOKMARK [1][-]{section.8.10}{\376\377\0008\000.\0001\0000\000\040\000S\000i\000g\000n\000a\000l\000s\000\040\000A\000v\000e\000r\000a\000g\000e\000\040\000M\000i\000c\000r\000o\000s\000e\000r\000v\000i\000c\000e}{chapter.8}% 89
\BOOKMARK [2][-]{subsection.8.10.1}{\376\377\0008\000.\0001\0000\000.\0001\000\040\000D\000e\000t\000a\000i\000l\000e\000d\000\040\000D\000e\000s\000c\000r\000i\000p\000t\000i\000o\000n}{section.8.10}% 90
\BOOKMARK [2][-]{subsection.8.10.2}{\376\377\0008\000.\0001\0000\000.\0002\000\040\000F\000u\000n\000c\000t\000i\000o\000n\000\040\000D\000o\000c\000u\000m\000e\000n\000t\000a\000t\000i\000o\000n}{section.8.10}% 91
\BOOKMARK [3][-]{subsubsection.8.10.2.1}{\376\377\0008\000.\0001\0000\000.\0002\000.\0001\000\040\000C\000o\000m\000p\000u\000t\000e\000A\000v\000e\000r\000a\000g\000e\000\050\000\051}{subsection.8.10.2}% 92
\BOOKMARK [3][-]{subsubsection.8.10.2.2}{\376\377\0008\000.\0001\0000\000.\0002\000.\0002\000\040\000S\000i\000g\000n\000a\000l\000s\000A\000v\000e\000r\000g\000e\000\050\000\051}{subsection.8.10.2}% 93
\BOOKMARK [0][-]{chapter.9}{\376\377\0009\000\040\000C\000l\000a\000s\000s\000\040\000D\000o\000c\000u\000m\000e\000n\000t\000a\000t\000i\000o\000n}{}% 94
\BOOKMARK [1][-]{section.9.1}{\376\377\0009\000.\0001\000\040\000a\000b\000f\000\137\000s\000e\000r\000v\000i\000c\000e\000\137\000p\000b\0002\000\137\000g\000r\000p\000c\000.\000A\000B\000F\000S\000e\000r\000v\000i\000c\000e\000\040\000C\000l\000a\000s\000s\000\040\000R\000e\000f\000e\000r\000e\000n\000c\000e}{chapter.9}% 95
\BOOKMARK [2][-]{subsection.9.1.1}{\376\377\0009\000.\0001\000.\0001\000\040\000D\000e\000t\000a\000i\000l\000e\000d\000\040\000D\000e\000s\000c\000r\000i\000p\000t\000i\000o\000n}{section.9.1}% 96
\BOOKMARK [1][-]{section.9.2}{\376\377\0009\000.\0002\000\040\000a\000b\000f\000\137\000s\000e\000r\000v\000i\000c\000e\000\137\000p\000b\0002\000\137\000g\000r\000p\000c\000.\000A\000B\000F\000S\000e\000r\000v\000i\000c\000e\000S\000e\000r\000v\000i\000c\000e\000r\000\040\000C\000l\000a\000s\000s\000\040\000R\000e\000f\000e\000r\000e\000n\000c\000e}{chapter.9}% 97
\BOOKMARK [2][-]{subsection.9.2.1}{\376\377\0009\000.\0002\000.\0001\000\040\000D\000e\000t\000a\000i\000l\000e\000d\000\040\000D\000e\000s\000c\000r\000i\000p\000t\000i\000o\000n}{section.9.2}% 98
\BOOKMARK [2][-]{subsection.9.2.2}{\376\377\0009\000.\0002\000.\0002\000\040\000M\000e\000m\000b\000e\000r\000\040\000F\000u\000n\000c\000t\000i\000o\000n\000\040\000D\000o\000c\000u\000m\000e\000n\000t\000a\000t\000i\000o\000n}{section.9.2}% 99
\BOOKMARK [3][-]{subsubsection.9.2.2.1}{\376\377\0009\000.\0002\000.\0002\000.\0001\000\040\000r\000e\000a\000d\000A\000b\000f\000\050\000\051}{subsection.9.2.2}% 100
\BOOKMARK [1][-]{section.9.3}{\376\377\0009\000.\0003\000\040\000A\000B\000F\000R\000e\000a\000d\000e\000r\000S\000e\000r\000v\000e\000r\000.\000A\000B\000F\000S\000e\000r\000v\000i\000c\000e\000S\000e\000r\000v\000i\000c\000e\000r\000\040\000C\000l\000a\000s\000s\000\040\000R\000e\000f\000e\000r\000e\000n\000c\000e}{chapter.9}% 101
\BOOKMARK [2][-]{subsection.9.3.1}{\376\377\0009\000.\0003\000.\0001\000\040\000D\000e\000t\000a\000i\000l\000e\000d\000\040\000D\000e\000s\000c\000r\000i\000p\000t\000i\000o\000n}{section.9.3}% 102
\BOOKMARK [1][-]{section.9.4}{\376\377\0009\000.\0004\000\040\000a\000b\000f\000\137\000s\000e\000r\000v\000i\000c\000e\000\137\000p\000b\0002\000\137\000g\000r\000p\000c\000.\000A\000B\000F\000S\000e\000r\000v\000i\000c\000e\000S\000t\000u\000b\000\040\000C\000l\000a\000s\000s\000\040\000R\000e\000f\000e\000r\000e\000n\000c\000e}{chapter.9}% 103
\BOOKMARK [2][-]{subsection.9.4.1}{\376\377\0009\000.\0004\000.\0001\000\040\000D\000e\000t\000a\000i\000l\000e\000d\000\040\000D\000e\000s\000c\000r\000i\000p\000t\000i\000o\000n}{section.9.4}% 104
\BOOKMARK [2][-]{subsection.9.4.2}{\376\377\0009\000.\0004\000.\0002\000\040\000C\000o\000n\000s\000t\000r\000u\000c\000t\000o\000r\000\040\000\046\000\040\000D\000e\000s\000t\000r\000u\000c\000t\000o\000r\000\040\000D\000o\000c\000u\000m\000e\000n\000t\000a\000t\000i\000o\000n}{section.9.4}% 105
\BOOKMARK [3][-]{subsubsection.9.4.2.1}{\376\377\0009\000.\0004\000.\0002\000.\0001\000\040\000\137\000\137\000i\000n\000i\000t\000\137\000\137\000\050\000\051}{subsection.9.4.2}% 106
\BOOKMARK [1][-]{section.9.5}{\376\377\0009\000.\0005\000\040\000m\000a\000t\000\137\000s\000e\000r\000v\000i\000c\000e\000\137\000p\000b\0002\000\137\000g\000r\000p\000c\000.\000M\000a\000t\000S\000e\000r\000v\000i\000c\000e\000\040\000C\000l\000a\000s\000s\000\040\000R\000e\000f\000e\000r\000e\000n\000c\000e}{chapter.9}% 107
\BOOKMARK [2][-]{subsection.9.5.1}{\376\377\0009\000.\0005\000.\0001\000\040\000D\000e\000t\000a\000i\000l\000e\000d\000\040\000D\000e\000s\000c\000r\000i\000p\000t\000i\000o\000n}{section.9.5}% 108
\BOOKMARK [1][-]{section.9.6}{\376\377\0009\000.\0006\000\040\000m\000a\000t\000\137\000s\000e\000r\000v\000i\000c\000e\000\137\000p\000b\0002\000\137\000g\000r\000p\000c\000.\000M\000a\000t\000S\000e\000r\000v\000i\000c\000e\000S\000e\000r\000v\000i\000c\000e\000r\000\040\000C\000l\000a\000s\000s\000\040\000R\000e\000f\000e\000r\000e\000n\000c\000e}{chapter.9}% 109
\BOOKMARK [2][-]{subsection.9.6.1}{\376\377\0009\000.\0006\000.\0001\000\040\000D\000e\000t\000a\000i\000l\000e\000d\000\040\000D\000e\000s\000c\000r\000i\000p\000t\000i\000o\000n}{section.9.6}% 110
\BOOKMARK [2][-]{subsection.9.6.2}{\376\377\0009\000.\0006\000.\0002\000\040\000M\000e\000m\000b\000e\000r\000\040\000F\000u\000n\000c\000t\000i\000o\000n\000\040\000D\000o\000c\000u\000m\000e\000n\000t\000a\000t\000i\000o\000n}{section.9.6}% 111
\BOOKMARK [3][-]{subsubsection.9.6.2.1}{\376\377\0009\000.\0006\000.\0002\000.\0001\000\040\000r\000e\000a\000d\000M\000a\000t\000\050\000\051}{subsection.9.6.2}% 112
\BOOKMARK [1][-]{section.9.7}{\376\377\0009\000.\0007\000\040\000M\000a\000t\000R\000e\000a\000d\000e\000r\000S\000e\000r\000v\000e\000r\000.\000M\000a\000t\000S\000e\000r\000v\000i\000c\000e\000S\000e\000r\000v\000i\000c\000e\000r\000\040\000C\000l\000a\000s\000s\000\040\000R\000e\000f\000e\000r\000e\000n\000c\000e}{chapter.9}% 113
\BOOKMARK [2][-]{subsection.9.7.1}{\376\377\0009\000.\0007\000.\0001\000\040\000D\000e\000t\000a\000i\000l\000e\000d\000\040\000D\000e\000s\000c\000r\000i\000p\000t\000i\000o\000n}{section.9.7}% 114
\BOOKMARK [1][-]{section.9.8}{\376\377\0009\000.\0008\000\040\000m\000a\000t\000\137\000s\000e\000r\000v\000i\000c\000e\000\137\000p\000b\0002\000\137\000g\000r\000p\000c\000.\000M\000a\000t\000S\000e\000r\000v\000i\000c\000e\000S\000t\000u\000b\000\040\000C\000l\000a\000s\000s\000\040\000R\000e\000f\000e\000r\000e\000n\000c\000e}{chapter.9}% 115
\BOOKMARK [2][-]{subsection.9.8.1}{\376\377\0009\000.\0008\000.\0001\000\040\000D\000e\000t\000a\000i\000l\000e\000d\000\040\000D\000e\000s\000c\000r\000i\000p\000t\000i\000o\000n}{section.9.8}% 116
\BOOKMARK [2][-]{subsection.9.8.2}{\376\377\0009\000.\0008\000.\0002\000\040\000C\000o\000n\000s\000t\000r\000u\000c\000t\000o\000r\000\040\000\046\000\040\000D\000e\000s\000t\000r\000u\000c\000t\000o\000r\000\040\000D\000o\000c\000u\000m\000e\000n\000t\000a\000t\000i\000o\000n}{section.9.8}% 117
\BOOKMARK [3][-]{subsubsection.9.8.2.1}{\376\377\0009\000.\0008\000.\0002\000.\0001\000\040\000\137\000\137\000i\000n\000i\000t\000\137\000\137\000\050\000\051}{subsection.9.8.2}% 118
\BOOKMARK [1][-]{section.9.9}{\376\377\0009\000.\0009\000\040\000S\000i\000g\000n\000a\000l\000S\000e\000r\000v\000i\000c\000e\000I\000m\000p\000l\000\040\000C\000l\000a\000s\000s\000\040\000R\000e\000f\000e\000r\000e\000n\000c\000e}{chapter.9}% 119
\BOOKMARK [2][-]{subsection.9.9.1}{\376\377\0009\000.\0009\000.\0001\000\040\000D\000e\000t\000a\000i\000l\000e\000d\000\040\000D\000e\000s\000c\000r\000i\000p\000t\000i\000o\000n}{section.9.9}% 120
